{
  "stats": {
    "suites": 1,
    "tests": 1,
    "passes": 1,
    "pending": 0,
    "failures": 0,
    "start": "2024-02-13T14:51:44.744Z",
    "end": "2024-02-13T14:53:50.813Z",
    "duration": 126069,
    "testsRegistered": 1,
    "passPercent": 100,
    "pendingPercent": 0,
    "other": 0,
    "hasOther": false,
    "skipped": 0,
    "hasSkipped": false
  },
  "results": [
    {
      "uuid": "6d709b98-9201-485c-aeb8-002b925d9112",
      "title": "",
      "fullFile": "cypress/e2e/criticalPath/homepage.cy.ts",
      "file": "cypress/e2e/criticalPath/homepage.cy.ts",
      "beforeHooks": [],
      "afterHooks": [],
      "tests": [],
      "suites": [
        {
          "uuid": "fe3faac0-e6fc-45ba-946a-d96ef7c5e44a",
          "title": "Home Page",
          "fullFile": "",
          "file": "",
          "beforeHooks": [],
          "afterHooks": [],
          "tests": [
            {
              "title": "Check header footer links",
              "fullTitle": "Home Page Check header footer links",
              "timedOut": null,
              "duration": 120006,
              "state": "passed",
              "speed": "slow",
              "pass": true,
              "fail": false,
              "pending": false,
              "context": null,
              "code": "context(\"Checking Header Links\", function () {\n    if (e2e_1.brand == 'boohooman.com') {\n        home_page_1.default.assertions.assertBHMHeaderLinks();\n    }\n    else {\n        home_page_2.default.assertions.assertAllHeaderLinksStatus();\n    }\n});\ncontext(\"Checking Footer Links\", function () {\n    home_page_2.default.assertions.assertAllFooterLinksStatus();\n});",
              "err": {},
              "uuid": "033b852a-04cd-46f4-b0ba-6fd7cb85db79",
              "parentUUID": "fe3faac0-e6fc-45ba-946a-d96ef7c5e44a",
              "isHook": false,
              "skipped": false
            }
          ],
          "suites": [],
          "passes": [
            "033b852a-04cd-46f4-b0ba-6fd7cb85db79"
          ],
          "failures": [],
          "pending": [],
          "skipped": [],
          "duration": 120006,
          "root": false,
          "rootEmpty": false,
          "_timeout": 2000
        }
      ],
      "passes": [],
      "failures": [],
      "pending": [],
      "skipped": [],
      "duration": 0,
      "root": true,
      "rootEmpty": true,
      "_timeout": 2000
    }
  ],
  "meta": {
    "mocha": {
      "version": "7.0.1"
    },
    "mochawesome": {
      "options": {
        "quiet": false,
        "reportFilename": "mochawesome",
        "saveHtml": false,
        "saveJson": true,
        "consoleReporter": "spec",
        "useInlineDiffs": false,
        "code": true
      },
      "version": "7.1.3"
    },
    "marge": {
      "options": {
        "id": "default",
        "cypressParallel": "true",
        "overwrite": false,
        "html": false,
        "json": true,
        "reportDir": "cypress/reports/html/.jsons"
      },
      "version": "6.2.0"
    }
  }
}