{
  "stats": {
    "suites": 1,
    "tests": 1,
    "passes": 1,
    "pending": 0,
    "failures": 0,
    "start": "2024-02-21T14:33:17.950Z",
    "end": "2024-02-21T14:37:55.903Z",
    "duration": 277953,
    "testsRegistered": 1,
    "passPercent": 100,
    "pendingPercent": 0,
    "other": 0,
    "hasOther": false,
    "skipped": 0,
    "hasSkipped": false
  },
  "results": [
    {
      "uuid": "35ce7856-8df8-4ea8-a1d7-d4a39e60c5f2",
      "title": "",
      "fullFile": "cypress/e2e/criticalPath/e2eGuest.cy.ts",
      "file": "cypress/e2e/criticalPath/e2eGuest.cy.ts",
      "beforeHooks": [],
      "afterHooks": [],
      "tests": [],
      "suites": [
        {
          "uuid": "244b7136-ded0-47ef-a304-2b6db1fd70ae",
          "title": "e2e flow using registered user",
          "fullFile": "",
          "file": "",
          "beforeHooks": [],
          "afterHooks": [],
          "tests": [
            {
              "title": "Order creation as a Guest user",
              "fullTitle": "e2e flow using registered user Order creation as a Guest user",
              "timedOut": null,
              "duration": 264802,
              "state": "passed",
              "speed": "slow",
              "pass": true,
              "fail": false,
              "pending": false,
              "context": null,
              "code": "var email = faker_1.faker.internet.email();\ncontext(\"Create order using card\", function () {\n    e2e_page_1.default.addProductToShippingPage();\n    e2e_page_1.default.checkoutGuestemail(email);\n    e2e_page_1.default.billingPage(email, \"United Kingdom\");\n    if (e2e_1.brand !== 'karenmillen.com') {\n        e2e_page_1.default.selectDate();\n    }\n    e2e_page_1.default.payUsingCard();\n});",
              "err": {},
              "uuid": "0958cc53-f13f-4e13-a01e-f01ce74d30a6",
              "parentUUID": "244b7136-ded0-47ef-a304-2b6db1fd70ae",
              "isHook": false,
              "skipped": false
            }
          ],
          "suites": [],
          "passes": [
            "0958cc53-f13f-4e13-a01e-f01ce74d30a6"
          ],
          "failures": [],
          "pending": [],
          "skipped": [],
          "duration": 264802,
          "root": false,
          "rootEmpty": false,
          "_timeout": 2000
        }
      ],
      "passes": [],
      "failures": [],
      "pending": [],
      "skipped": [],
      "duration": 0,
      "root": true,
      "rootEmpty": true,
      "_timeout": 2000
    }
  ],
  "meta": {
    "mocha": {
      "version": "7.0.1"
    },
    "mochawesome": {
      "options": {
        "quiet": false,
        "reportFilename": "mochawesome",
        "saveHtml": false,
        "saveJson": true,
        "consoleReporter": "spec",
        "useInlineDiffs": false,
        "code": true
      },
      "version": "7.1.3"
    },
    "marge": {
      "options": {
        "id": "default",
        "cypressParallel": "true",
        "overwrite": false,
        "html": false,
        "json": true,
        "reportDir": "cypress/reports/html/.jsons"
      },
      "version": "6.2.0"
    }
  }
}