{
  "stats": {
    "suites": 1,
    "tests": 1,
    "passes": 0,
    "pending": 0,
    "failures": 1,
    "start": "2024-02-13T12:48:12.407Z",
    "end": "2024-02-13T12:53:14.831Z",
    "duration": 302424,
    "testsRegistered": 1,
    "passPercent": 0,
    "pendingPercent": 0,
    "other": 0,
    "hasOther": false,
    "skipped": 0,
    "hasSkipped": false
  },
  "results": [
    {
      "uuid": "5f15e4ec-e83d-43df-8304-83c8cae07368",
      "title": "",
      "fullFile": "cypress/e2e/criticalPath/e2e.cy.ts",
      "file": "cypress/e2e/criticalPath/e2e.cy.ts",
      "beforeHooks": [],
      "afterHooks": [],
      "tests": [],
      "suites": [
        {
          "uuid": "e45eebf0-609d-46c9-9722-58501d105366",
          "title": "e2e flow using registered user",
          "fullFile": "",
          "file": "",
          "beforeHooks": [],
          "afterHooks": [],
          "tests": [
            {
              "title": "Order creation as a Registered user",
              "fullTitle": "e2e flow using registered user Order creation as a Registered user",
              "timedOut": null,
              "duration": 145132,
              "state": "failed",
              "speed": null,
              "pass": false,
              "fail": true,
              "pending": false,
              "context": "{\n  \"title\": \"cypress-mochawesome-reporter-screenshots\",\n  \"value\": [\n    [\n      \"/e2e.cy.ts/e2e flow using registered user -- Order creation as a Registered user (failed).png\"\n    ],\n    [],\n    [\n      \"/e2e.cy.ts/e2e flow using registered user -- Order creation as a Registered user (failed) (attempt 2).png\"\n    ]\n  ]\n}",
              "code": "var email = faker_1.faker.internet.email();\nvar password = faker_1.faker.internet.password({ length: 20, pattern: /^[a-zA-Z0-9_.-@]/ });\nvar firstName = faker_1.faker.person.firstName();\nvar lastname = faker_1.faker.person.lastName();\n// Register with random Email\ncontext(\"Registration\", function () {\n    login_page_1.default.click.loginIcon();\n    home_page_1.default.click.registrationButton();\n    registration_page_1.default.actions.startRegistration(email);\n    if (!common_1.isSiteGenesisBrand) {\n        registration_page_1.default.actions.confirmationCheckbox();\n        registration_page_1.default.assertions.assertCheckboxIsChecked();\n    }\n    registration_page_1.default.actions.enterNewUserData(password, password, firstName, lastname);\n    registration_page_1.default.actions.chooseDate('23', assertionText_1.default.DOBmonth[e2e_1.language], '1989');\n    registration_page_1.default.click.chooseEmailConsent();\n    if (e2e_1.brand == 'boohooman.com') {\n        var primaryAddress = addresses_1.default.getAddressByLocale(e2e_1.locale, 'primaryAddress');\n        shipping_page_1.default.actions.phoneNumberField(primaryAddress.phone);\n        shipping_page_1.default.click.addAddressManually();\n        shipping_page_1.default.actions.adressLine1(primaryAddress.addressLine);\n        shipping_page_1.default.actions.cityField(primaryAddress.city);\n        shipping_page_1.default.actions.countyField(primaryAddress.county);\n        shipping_page_1.default.actions.postcodeField(primaryAddress.postcode);\n    }\n    registration_page_1.default.click.submitButton();\n    registration_page_1.default.assertions.assertMyAcountPageIsOpened();\n});\ncontext(\"Search and add product to the Cart\", function () {\n    e2e_page_1.default.addProductToShippingPage();\n    if (e2e_1.brand != 'boohooman.com') {\n        e2e_page_1.default.billingPage(email, \"United Kingdom\");\n    }\n    e2e_page_1.default.payUsingCard();\n});\ncontext(\"Search and add product to the Cart\", function () {\n    if (e2e_1.brand == 'boohoo.com') {\n        e2e_page_1.default.addProductToShippingPage();\n        e2e_page_1.default.billingPage(email, \"United Kingdom\");\n        e2e_page_1.default.payUsingPaypal();\n    }\n});",
              "err": {
                "message": "AssertionError: Timed out retrying after 10000ms: expected 'https://us1-dwstg.nastygal.com/gb/checkout?step=shipping' to include 'billing'",
                "estack": "AssertionError: Timed out retrying after 10000ms: expected 'https://us1-dwstg.nastygal.com/gb/checkout?step=shipping' to include 'billing'\n    at Object.waitPageToLoad (webpack:///../../../cypress/pom/billing.page.ts:485:15)\n    at e2ePage.billingPage (webpack:///../../../cypress/pom/e2e.page.ts:458:24)\n    at Suite.eval (webpack:///../../../cypress/e2e/criticalPath/e2e.cy.ts:49:16)\n    at Context.eval (webpack:///../../../cypress/e2e/criticalPath/e2e.cy.ts:46:4)",
                "diff": null
              },
              "uuid": "7358b4b2-cbb4-42a2-9582-ce5633dae11c",
              "parentUUID": "e45eebf0-609d-46c9-9722-58501d105366",
              "isHook": false,
              "skipped": false
            }
          ],
          "suites": [],
          "passes": [],
          "failures": [
            "7358b4b2-cbb4-42a2-9582-ce5633dae11c"
          ],
          "pending": [],
          "skipped": [],
          "duration": 145132,
          "root": false,
          "rootEmpty": false,
          "_timeout": 2000
        }
      ],
      "passes": [],
      "failures": [],
      "pending": [],
      "skipped": [],
      "duration": 0,
      "root": true,
      "rootEmpty": true,
      "_timeout": 2000
    }
  ],
  "meta": {
    "mocha": {
      "version": "7.0.1"
    },
    "mochawesome": {
      "options": {
        "quiet": false,
        "reportFilename": "mochawesome",
        "saveHtml": false,
        "saveJson": true,
        "consoleReporter": "spec",
        "useInlineDiffs": false,
        "code": true
      },
      "version": "7.1.3"
    },
    "marge": {
      "options": {
        "id": "default",
        "cypressParallel": "true",
        "overwrite": false,
        "html": false,
        "json": true,
        "reportDir": "cypress/reports/html/.jsons"
      },
      "version": "6.2.0"
    }
  }
}