{
  "stats": {
    "suites": 1,
    "tests": 1,
    "passes": 1,
    "pending": 0,
    "failures": 0,
    "start": "2024-02-21T14:33:03.309Z",
    "end": "2024-02-21T14:34:46.222Z",
    "duration": 102913,
    "testsRegistered": 1,
    "passPercent": 100,
    "pendingPercent": 0,
    "other": 0,
    "hasOther": false,
    "skipped": 0,
    "hasSkipped": false
  },
  "results": [
    {
      "uuid": "81340fe5-abdc-4e7a-bf27-1991e1f1275f",
      "title": "",
      "fullFile": "cypress/e2e/criticalPath/homepage.cy.ts",
      "file": "cypress/e2e/criticalPath/homepage.cy.ts",
      "beforeHooks": [],
      "afterHooks": [],
      "tests": [],
      "suites": [
        {
          "uuid": "176e30e3-663d-487a-a7bd-db1b82780d22",
          "title": "Home Page",
          "fullFile": "",
          "file": "",
          "beforeHooks": [],
          "afterHooks": [],
          "tests": [
            {
              "title": "Check header footer links",
              "fullTitle": "Home Page Check header footer links",
              "timedOut": null,
              "duration": 97094,
              "state": "passed",
              "speed": "slow",
              "pass": true,
              "fail": false,
              "pending": false,
              "context": null,
              "code": "context(\"Checking Header Links\", function () {\n    if (e2e_1.brand == 'boohooman.com') {\n        home_page_1.default.assertions.assertBHMHeaderLinks();\n    }\n    else {\n        home_page_2.default.assertions.assertAllHeaderLinksStatus();\n    }\n});\ncontext(\"Checking Footer Links\", function () {\n    home_page_2.default.assertions.assertAllFooterLinksStatus();\n});",
              "err": {},
              "uuid": "4daca301-4988-4edc-8bec-26257c7135f6",
              "parentUUID": "176e30e3-663d-487a-a7bd-db1b82780d22",
              "isHook": false,
              "skipped": false
            }
          ],
          "suites": [],
          "passes": [
            "4daca301-4988-4edc-8bec-26257c7135f6"
          ],
          "failures": [],
          "pending": [],
          "skipped": [],
          "duration": 97094,
          "root": false,
          "rootEmpty": false,
          "_timeout": 2000
        }
      ],
      "passes": [],
      "failures": [],
      "pending": [],
      "skipped": [],
      "duration": 0,
      "root": true,
      "rootEmpty": true,
      "_timeout": 2000
    }
  ],
  "meta": {
    "mocha": {
      "version": "7.0.1"
    },
    "mochawesome": {
      "options": {
        "quiet": false,
        "reportFilename": "mochawesome",
        "saveHtml": false,
        "saveJson": true,
        "consoleReporter": "spec",
        "useInlineDiffs": false,
        "code": true
      },
      "version": "7.1.3"
    },
    "marge": {
      "options": {
        "id": "default",
        "cypressParallel": "true",
        "overwrite": false,
        "html": false,
        "json": true,
        "reportDir": "cypress/reports/html/.jsons"
      },
      "version": "6.2.0"
    }
  }
}