{
  "stats": {
    "suites": 1,
    "tests": 1,
    "passes": 1,
    "pending": 0,
    "failures": 0,
    "start": "2024-02-13T12:55:21.223Z",
    "end": "2024-02-13T12:57:19.955Z",
    "duration": 118732,
    "testsRegistered": 1,
    "passPercent": 100,
    "pendingPercent": 0,
    "other": 0,
    "hasOther": false,
    "skipped": 0,
    "hasSkipped": false
  },
  "results": [
    {
      "uuid": "fb4e5b35-e9a1-4a8d-b4cb-c3dd9bb233fd",
      "title": "",
      "fullFile": "cypress/e2e/criticalPath/homepage.cy.ts",
      "file": "cypress/e2e/criticalPath/homepage.cy.ts",
      "beforeHooks": [],
      "afterHooks": [],
      "tests": [],
      "suites": [
        {
          "uuid": "4c24601e-f9aa-4720-94ab-be46c0ab475c",
          "title": "Home Page",
          "fullFile": "",
          "file": "",
          "beforeHooks": [],
          "afterHooks": [],
          "tests": [
            {
              "title": "Check header footer links",
              "fullTitle": "Home Page Check header footer links",
              "timedOut": null,
              "duration": 113329,
              "state": "passed",
              "speed": "slow",
              "pass": true,
              "fail": false,
              "pending": false,
              "context": null,
              "code": "context(\"Checking Header Links\", function () {\n    if (e2e_1.brand == 'boohooman.com') {\n        home_page_1.default.assertions.assertBHMHeaderLinks();\n    }\n    else {\n        home_page_2.default.assertions.assertAllHeaderLinksStatus();\n    }\n});\ncontext(\"Checking Footer Links\", function () {\n    home_page_2.default.assertions.assertAllFooterLinksStatus();\n});",
              "err": {},
              "uuid": "d18c942e-6b24-4018-a294-27b5ba033599",
              "parentUUID": "4c24601e-f9aa-4720-94ab-be46c0ab475c",
              "isHook": false,
              "skipped": false
            }
          ],
          "suites": [],
          "passes": [
            "d18c942e-6b24-4018-a294-27b5ba033599"
          ],
          "failures": [],
          "pending": [],
          "skipped": [],
          "duration": 113329,
          "root": false,
          "rootEmpty": false,
          "_timeout": 2000
        }
      ],
      "passes": [],
      "failures": [],
      "pending": [],
      "skipped": [],
      "duration": 0,
      "root": true,
      "rootEmpty": true,
      "_timeout": 2000
    }
  ],
  "meta": {
    "mocha": {
      "version": "7.0.1"
    },
    "mochawesome": {
      "options": {
        "quiet": false,
        "reportFilename": "mochawesome",
        "saveHtml": false,
        "saveJson": true,
        "consoleReporter": "spec",
        "useInlineDiffs": false,
        "code": true
      },
      "version": "7.1.3"
    },
    "marge": {
      "options": {
        "id": "default",
        "cypressParallel": "true",
        "overwrite": false,
        "html": false,
        "json": true,
        "reportDir": "cypress/reports/html/.jsons"
      },
      "version": "6.2.0"
    }
  }
}