{
  "stats": {
    "suites": 1,
    "tests": 1,
    "passes": 0,
    "pending": 0,
    "failures": 1,
    "start": "2024-02-21T14:07:19.864Z",
    "end": "2024-02-21T14:18:09.242Z",
    "duration": 649378,
    "testsRegistered": 1,
    "passPercent": 0,
    "pendingPercent": 0,
    "other": 0,
    "hasOther": false,
    "skipped": 0,
    "hasSkipped": false
  },
  "results": [
    {
      "uuid": "bfdd89ee-1810-4792-b379-b4a6a6d63eb9",
      "title": "",
      "fullFile": "cypress/e2e/criticalPath/e2eGuest.cy.ts",
      "file": "cypress/e2e/criticalPath/e2eGuest.cy.ts",
      "beforeHooks": [],
      "afterHooks": [],
      "tests": [],
      "suites": [
        {
          "uuid": "5f3d0315-f9fd-4451-98bb-3a60c9b97fa5",
          "title": "e2e flow using registered user",
          "fullFile": "",
          "file": "",
          "beforeHooks": [],
          "afterHooks": [],
          "tests": [
            {
              "title": "Order creation as a Guest user",
              "fullTitle": "e2e flow using registered user Order creation as a Guest user",
              "timedOut": null,
              "duration": 212465,
              "state": "failed",
              "speed": null,
              "pass": false,
              "fail": true,
              "pending": false,
              "context": "{\n  \"title\": \"cypress-mochawesome-reporter-screenshots\",\n  \"value\": [\n    [\n      \"/e2eGuest.cy.ts/e2e flow using registered user -- Order creation as a Guest user (failed).png\"\n    ],\n    [],\n    [\n      \"/e2eGuest.cy.ts/e2e flow using registered user -- Order creation as a Guest user (failed) (attempt 2).png\"\n    ],\n    [],\n    [\n      \"/e2eGuest.cy.ts/e2e flow using registered user -- Order creation as a Guest user (failed) (attempt 3).png\"\n    ]\n  ]\n}",
              "code": "var email = faker_1.faker.internet.email();\ncontext(\"Create order using card\", function () {\n    e2e_page_1.default.addProductToShippingPage();\n    e2e_page_1.default.checkoutGuestemail(email);\n    e2e_page_1.default.billingPage(email, \"United Kingdom\");\n    if (e2e_1.brand !== 'karenmillen.com') {\n        e2e_page_1.default.selectDate();\n    }\n    e2e_page_1.default.payUsingCard();\n});",
              "err": {
                "message": "AssertionError: Timed out retrying after 30000ms: expected 'https://stg.karenmillen.com/us/billing-continue' to include 'confirmation'",
                "estack": "AssertionError: Timed out retrying after 30000ms: expected 'https://stg.karenmillen.com/us/billing-continue' to include 'confirmation'\n    at Object.assertOrderConfirmationPageIsDisplayed (webpack:///../../../cypress/pom/billing.page.ts:1278:35)\n    at e2ePage.payUsingCard (webpack:///../../../cypress/pom/e2e.page.ts:523:27)\n    at Suite.eval (webpack:///../../../cypress/e2e/criticalPath/e2eGuest.cy.ts:21:14)\n    at Context.eval (webpack:///../../../cypress/e2e/criticalPath/e2eGuest.cy.ts:14:4)",
                "diff": null
              },
              "uuid": "53856f87-ab89-4363-b4cb-90709e876b35",
              "parentUUID": "5f3d0315-f9fd-4451-98bb-3a60c9b97fa5",
              "isHook": false,
              "skipped": false
            }
          ],
          "suites": [],
          "passes": [],
          "failures": [
            "53856f87-ab89-4363-b4cb-90709e876b35"
          ],
          "pending": [],
          "skipped": [],
          "duration": 212465,
          "root": false,
          "rootEmpty": false,
          "_timeout": 2000
        }
      ],
      "passes": [],
      "failures": [],
      "pending": [],
      "skipped": [],
      "duration": 0,
      "root": true,
      "rootEmpty": true,
      "_timeout": 2000
    }
  ],
  "meta": {
    "mocha": {
      "version": "7.0.1"
    },
    "mochawesome": {
      "options": {
        "quiet": false,
        "reportFilename": "mochawesome",
        "saveHtml": false,
        "saveJson": true,
        "consoleReporter": "spec",
        "useInlineDiffs": false,
        "code": true
      },
      "version": "7.1.3"
    },
    "marge": {
      "options": {
        "id": "default",
        "cypressParallel": "true",
        "overwrite": false,
        "html": false,
        "json": true,
        "reportDir": "cypress/reports/html/.jsons"
      },
      "version": "6.2.0"
    }
  }
}