{
  "stats": {
    "suites": 1,
    "tests": 1,
    "passes": 1,
    "pending": 0,
    "failures": 0,
    "start": "2024-02-21T14:33:10.480Z",
    "end": "2024-02-21T14:35:28.251Z",
    "duration": 137771,
    "testsRegistered": 1,
    "passPercent": 100,
    "pendingPercent": 0,
    "other": 0,
    "hasOther": false,
    "skipped": 0,
    "hasSkipped": false
  },
  "results": [
    {
      "uuid": "dcb7cbfc-96a7-4ed9-845d-b4ad3c27e4f1",
      "title": "",
      "fullFile": "cypress/e2e/criticalPath/wishlist.cy.ts",
      "file": "cypress/e2e/criticalPath/wishlist.cy.ts",
      "beforeHooks": [],
      "afterHooks": [],
      "tests": [],
      "suites": [
        {
          "uuid": "ab8d4d0b-624a-43f3-98d3-0c81bfd6cd52",
          "title": "Wishlist Page tests",
          "fullFile": "",
          "file": "",
          "beforeHooks": [],
          "afterHooks": [],
          "tests": [
            {
              "title": "CYP-215 Verify that item is saved to wishlist, can be added to cart and removed from wishlist",
              "fullTitle": "Wishlist Page tests CYP-215 Verify that item is saved to wishlist, can be added to cart and removed from wishlist",
              "timedOut": null,
              "duration": 126690,
              "state": "passed",
              "speed": "slow",
              "pass": true,
              "fail": false,
              "pending": false,
              "context": null,
              "code": "home_page_1.default.click.wishListIcon();\nwishlist_page_1.default.click.removeAllItemsFromWishlist(); // Make sure wishlist is empty\nvar randomItem = e2e_page_1.default.selectRandomProduct();\ne2e_page_1.default.findItem(randomItem);\ne2e_page_1.default.assertProductsFound();\ne2e_page_1.default.selectProduct();\ncy.wait(3000);\nif (e2e_1.brand == 'boohooman.com') {\n    e2e_page_1.default.SelectSize();\n}\nelse {\n    e2e_page_1.default.selectAvailableColour();\n}\npdp_page_1.default.click.addToWishList();\nif (e2e_1.brand == 'boohoo.com') {\n    wishlist_page_1.default.assertions.assertItemIsAddedtoWishlistAlertText(assertionText_1.default.WishlistItemsAddedAlert[e2e_1.language]);\n}\ne2e_page_1.default.assertItemIsAddedToWishlist();\n// Assert item can be added to cart\nwishlist_page_1.default.click.addToCart();\npdp_page_1.default.assertions.assertMiniCartIsDisplayed();\n// Cleanup of Whishlist and Cart\nwishlist_page_1.default.click.removeAllItemsFromWishlist();\nif (common_1.isSiteGenesisBrand) {\n    wishlist_page_1.default.assertions.assertWishListIsEmpty(assertionText_1.default.WishListIsEmptySiteGenesis[e2e_1.language]);\n}\nelse if (e2e_1.brand == 'boohoo.com' && e2e_1.locale == 'FR') {\n    wishlist_page_1.default.assertions.assertWishListIsEmpty(assertionText_1.default.WishListIsEmptyBH[e2e_1.language]);\n}\nelse {\n    wishlist_page_1.default.assertions.assertWishListIsEmpty(assertionText_1.default.WishListIsEmptyBlp[e2e_1.language]);\n}\ncart_page_1.default.goto();\ncart_page_1.default.click.clearCart();\ncart_page_1.default.assertions.assertCartIsEmpty();",
              "err": {},
              "uuid": "5f90dd6f-5e31-4a89-8ab2-0c1550167b73",
              "parentUUID": "ab8d4d0b-624a-43f3-98d3-0c81bfd6cd52",
              "isHook": false,
              "skipped": false
            }
          ],
          "suites": [],
          "passes": [
            "5f90dd6f-5e31-4a89-8ab2-0c1550167b73"
          ],
          "failures": [],
          "pending": [],
          "skipped": [],
          "duration": 126690,
          "root": false,
          "rootEmpty": false,
          "_timeout": 2000
        }
      ],
      "passes": [],
      "failures": [],
      "pending": [],
      "skipped": [],
      "duration": 0,
      "root": true,
      "rootEmpty": true,
      "_timeout": 2000
    }
  ],
  "meta": {
    "mocha": {
      "version": "7.0.1"
    },
    "mochawesome": {
      "options": {
        "quiet": false,
        "reportFilename": "mochawesome",
        "saveHtml": false,
        "saveJson": true,
        "consoleReporter": "spec",
        "useInlineDiffs": false,
        "code": true
      },
      "version": "7.1.3"
    },
    "marge": {
      "options": {
        "id": "default",
        "cypressParallel": "true",
        "overwrite": false,
        "html": false,
        "json": true,
        "reportDir": "cypress/reports/html/.jsons"
      },
      "version": "6.2.0"
    }
  }
}