{
  "stats": {
    "suites": 1,
    "tests": 1,
    "passes": 0,
    "pending": 0,
    "failures": 1,
    "start": "2024-02-13T14:44:30.903Z",
    "end": "2024-02-13T14:51:41.704Z",
    "duration": 430801,
    "testsRegistered": 1,
    "passPercent": 0,
    "pendingPercent": 0,
    "other": 0,
    "hasOther": false,
    "skipped": 0,
    "hasSkipped": false
  },
  "results": [
    {
      "uuid": "64c5278a-1d5d-4f8c-add0-8674d9e561c3",
      "title": "",
      "fullFile": "cypress/e2e/criticalPath/e2eGuest.cy.ts",
      "file": "cypress/e2e/criticalPath/e2eGuest.cy.ts",
      "beforeHooks": [],
      "afterHooks": [],
      "tests": [],
      "suites": [
        {
          "uuid": "bcfa6fb0-c2d5-4d00-a8cd-2fa0a232ab2f",
          "title": "e2e flow using registered user",
          "fullFile": "",
          "file": "",
          "beforeHooks": [],
          "afterHooks": [],
          "tests": [
            {
              "title": "Order creation as a Guest user",
              "fullTitle": "e2e flow using registered user Order creation as a Guest user",
              "timedOut": null,
              "duration": 34067,
              "state": "failed",
              "speed": null,
              "pass": false,
              "fail": true,
              "pending": false,
              "context": "{\n  \"title\": \"cypress-mochawesome-reporter-screenshots\",\n  \"value\": [\n    [\n      \"/e2eGuest.cy.ts/e2e flow using registered user -- Order creation as a Guest user (failed).png\"\n    ],\n    [],\n    [\n      \"/e2eGuest.cy.ts/e2e flow using registered user -- Order creation as a Guest user (failed) (attempt 2).png\"\n    ]\n  ]\n}",
              "code": "var email = faker_1.faker.internet.email();\ncontext(\"Create order using card\", function () {\n    e2e_page_1.default.addProductToShippingPage();\n    e2e_page_1.default.checkoutGuestemail(email);\n    e2e_page_1.default.billingPage(email, \"United Kingdom\");\n    if (e2e_1.brand !== 'karenmillen.com') {\n        e2e_page_1.default.selectDate();\n    }\n    e2e_page_1.default.payUsingCard();\n});",
              "err": {
                "message": "CypressError: Timed out retrying after 10050ms: `cy.click()` failed because this element is not visible:\n\n`<section class=\"b-product_tile \" aria-label=\"Suede Studded Buckle Sandals\" data-pid=\"BGG19755\" data-product-name=\"Suede Studded Buckle Sandals\" data-widget=\"quickBuyTile\" data-analytics=\"{&quot;id&quot;:&quot;BGG19755&quot;,&quot;name&quot;:&quot;Suede Studded Buckle Sandals&quot;,&quot;category&quot;:&quot;flat-sandals&quot;,&quot;category1&quot;:&quot;Shoes&quot;,&quot;categoryPath&quot;:&quot;all-shoes > sandals > flat-sandals&quot;,&quot;brand&quot;:&quot;NastyGal&quot;,&quot;price&quot;:&quot;32.00&quot;,&quot;salePrice&quot;:null,&quot;promoPrice&quot;:&quot;22.40&quot;,&quot;markdown&quot;:&quot;9.60&quot;,&quot;discount&quot;:&quot;30&quot;,&quot;variant&quot;:&quot;chocolate|3&quot;,&quot;dimension65&quot;:&quot;chocolate&quot;,&quot;dimension64&quot;:&quot;Colour&quot;,&quot;dimension68&quot;:&quot;3&quot;,&quot;itemId&quot;:&quot;BGG19755-186-11&quot;,&quot;dimension60&quot;:&quot;Casual&quot;,&quot;dimension62&quot;:&quot;Sandals&quot;,&quot;dimension61&quot;:&quot;Female&quot;,&quot;metric36&quot;:2,&quot;metric37&quot;:2}\" data-text-network-error=\"Something went wrong, please try again or contact Customer Service\" data-text-added-to-wishlist=\"Saved for later\" data-add-to-wishlist-hide-texts=\"true\" data-show-alert-if-product-in-wishlist=\"true\" data-accessibility-alerts=\"{\n        &quot;addedtowishlist&quot;: &quot;Product added to wish list&quot;,\n        &quot;addedtocart&quot;: &quot;Product added to cart&quot;\n    }\" data-grid-item=\"true\" data-tau=\"product_tile\" data-tau-product-id=\"BGG19755\" data-show-message-on-product-add=\"false\" data-amplience-host-url=\"//media.nastygal.com/i/nastygal/\" data-amplience-allowed=\"true\" data-initialized=\"1\">...</section>`\n\nThis element `<section.b-product_tile.>` is not visible because its parent `<div.l-plp_grid>` has CSS property: `visibility: hidden`\n\nFix this problem, or use `{force: true}` to disable error checking.\n\nhttps://on.cypress.io/element-cannot-be-interacted-with",
                "estack": "CypressError: Timed out retrying after 10050ms: `cy.click()` failed because this element is not visible:\n\n`<section class=\"b-product_tile \" aria-label=\"Suede Studded Buckle Sandals\" data-pid=\"BGG19755\" data-product-name=\"Suede Studded Buckle Sandals\" data-widget=\"quickBuyTile\" data-analytics=\"{&quot;id&quot;:&quot;BGG19755&quot;,&quot;name&quot;:&quot;Suede Studded Buckle Sandals&quot;,&quot;category&quot;:&quot;flat-sandals&quot;,&quot;category1&quot;:&quot;Shoes&quot;,&quot;categoryPath&quot;:&quot;all-shoes > sandals > flat-sandals&quot;,&quot;brand&quot;:&quot;NastyGal&quot;,&quot;price&quot;:&quot;32.00&quot;,&quot;salePrice&quot;:null,&quot;promoPrice&quot;:&quot;22.40&quot;,&quot;markdown&quot;:&quot;9.60&quot;,&quot;discount&quot;:&quot;30&quot;,&quot;variant&quot;:&quot;chocolate|3&quot;,&quot;dimension65&quot;:&quot;chocolate&quot;,&quot;dimension64&quot;:&quot;Colour&quot;,&quot;dimension68&quot;:&quot;3&quot;,&quot;itemId&quot;:&quot;BGG19755-186-11&quot;,&quot;dimension60&quot;:&quot;Casual&quot;,&quot;dimension62&quot;:&quot;Sandals&quot;,&quot;dimension61&quot;:&quot;Female&quot;,&quot;metric36&quot;:2,&quot;metric37&quot;:2}\" data-text-network-error=\"Something went wrong, please try again or contact Customer Service\" data-text-added-to-wishlist=\"Saved for later\" data-add-to-wishlist-hide-texts=\"true\" data-show-alert-if-product-in-wishlist=\"true\" data-accessibility-alerts=\"{\n        &quot;addedtowishlist&quot;: &quot;Product added to wish list&quot;,\n        &quot;addedtocart&quot;: &quot;Product added to cart&quot;\n    }\" data-grid-item=\"true\" data-tau=\"product_tile\" data-tau-product-id=\"BGG19755\" data-show-message-on-product-add=\"false\" data-amplience-host-url=\"//media.nastygal.com/i/nastygal/\" data-amplience-allowed=\"true\" data-initialized=\"1\">...</section>`\n\nThis element `<section.b-product_tile.>` is not visible because its parent `<div.l-plp_grid>` has CSS property: `visibility: hidden`\n\nFix this problem, or use `{force: true}` to disable error checking.\n\nhttps://on.cypress.io/element-cannot-be-interacted-with\n    at runVisibilityCheck (https://us1-dwstg.nastygal.com/__cypress/runner/cypress_runner.js:145159:58)\n    at Object.isStrictlyVisible (https://us1-dwstg.nastygal.com/__cypress/runner/cypress_runner.js:145173:10)\n    at runAllChecks (https://us1-dwstg.nastygal.com/__cypress/runner/cypress_runner.js:112303:26)\n    at retryActionability (https://us1-dwstg.nastygal.com/__cypress/runner/cypress_runner.js:112371:16)\n    at tryCatcher (https://us1-dwstg.nastygal.com/__cypress/runner/cypress_runner.js:1807:23)\n    at Promise.attempt.Promise.try (https://us1-dwstg.nastygal.com/__cypress/runner/cypress_runner.js:4315:29)\n    at whenStable (https://us1-dwstg.nastygal.com/__cypress/runner/cypress_runner.js:143918:68)\n    at <unknown> (https://us1-dwstg.nastygal.com/__cypress/runner/cypress_runner.js:143859:14)\n    at tryCatcher (https://us1-dwstg.nastygal.com/__cypress/runner/cypress_runner.js:1807:23)\n    at Promise._settlePromiseFromHandler (https://us1-dwstg.nastygal.com/__cypress/runner/cypress_runner.js:1519:31)\n    at Promise._settlePromise (https://us1-dwstg.nastygal.com/__cypress/runner/cypress_runner.js:1576:18)\n    at Promise._settlePromise0 (https://us1-dwstg.nastygal.com/__cypress/runner/cypress_runner.js:1621:10)\n    at Promise._settlePromises (https://us1-dwstg.nastygal.com/__cypress/runner/cypress_runner.js:1701:18)\n    at Promise._fulfill (https://us1-dwstg.nastygal.com/__cypress/runner/cypress_runner.js:1645:18)\n    at <unknown> (https://us1-dwstg.nastygal.com/__cypress/runner/cypress_runner.js:5450:46)\nFrom Your Spec Code:\n    at Context.eval (webpack:///../../../cypress/pom/e2e.page.ts:281:39)",
                "diff": null
              },
              "uuid": "6f61a5d4-b4eb-40af-9713-a6203e9419bd",
              "parentUUID": "bcfa6fb0-c2d5-4d00-a8cd-2fa0a232ab2f",
              "isHook": false,
              "skipped": false
            }
          ],
          "suites": [],
          "passes": [],
          "failures": [
            "6f61a5d4-b4eb-40af-9713-a6203e9419bd"
          ],
          "pending": [],
          "skipped": [],
          "duration": 34067,
          "root": false,
          "rootEmpty": false,
          "_timeout": 2000
        }
      ],
      "passes": [],
      "failures": [],
      "pending": [],
      "skipped": [],
      "duration": 0,
      "root": true,
      "rootEmpty": true,
      "_timeout": 2000
    }
  ],
  "meta": {
    "mocha": {
      "version": "7.0.1"
    },
    "mochawesome": {
      "options": {
        "quiet": false,
        "reportFilename": "mochawesome",
        "saveHtml": false,
        "saveJson": true,
        "consoleReporter": "spec",
        "useInlineDiffs": false,
        "code": true
      },
      "version": "7.1.3"
    },
    "marge": {
      "options": {
        "id": "default",
        "cypressParallel": "true",
        "overwrite": false,
        "html": false,
        "json": true,
        "reportDir": "cypress/reports/html/.jsons"
      },
      "version": "6.2.0"
    }
  }
}